Построение начато 30.10.2016 15:43:27.
     1>Проект "F:\Мои программы\С++\Nanny v2.0\Nanny v2.0\Nanny v2.0.vcxproj" в узле 2 (целевые объекты Build).
     1>C:\Program Files (x86)\MSBuild\Microsoft.Cpp\v4.0\V110\Microsoft.CppBuild.targets(346,5): warning MSB8004: Output Directory does not end with a trailing slash.  This build instance will add the slash as it is required to allow proper evaluation of the Output Directory.
     1>ClCompile:
         C:\Program Files (x86)\Microsoft Visual Studio 11.0\VC\bin\CL.exe /c /Zi /nologo /W3 /O2 /Oi /Oy- /GL /D _WINDLL /D _MBCS /Gm- /EHsc /MD /GS /Gy /fp:precise /Zc:wchar_t /Zc:forScope /Fo"Release\\" /Fd"Release\vc110.pdb" /Gd /TP /analyze- /errorReport:prompt main.cpp
         main.cpp
     1>f:\мои программы\с++\nanny v2.0\nanny v2.0\DrawEngine\cDraw.h(16): warning C4005: RGB: изменение макроопределения
                 C:\Program Files (x86)\Windows Kits\8.0\Include\um\wingdi.h(1845): см. предыдущее определение "RGB"
       Link:
         C:\Program Files (x86)\Microsoft Visual Studio 11.0\VC\bin\link.exe /ERRORREPORT:PROMPT /OUT:"F:\Мои программы\С++\Nanny v2.0\\bin\nanny.dll" /NOLOGO kernel32.lib user32.lib gdi32.lib winspool.lib comdlg32.lib advapi32.lib shell32.lib ole32.lib oleaut32.lib uuid.lib odbc32.lib odbccp32.lib /MANIFEST /MANIFESTUAC:"level='asInvoker' uiAccess='false'" /manifest:embed /PDB:"F:\Мои программы\С++\Nanny v2.0\\bin\nanny.pdb" /OPT:REF /OPT:ICF /LTCG /TLBID:1 /DYNAMICBASE /NXCOMPAT /IMPLIB:"F:\Мои программы\С++\Nanny v2.0\\bin\nanny.lib" /MACHINE:X86 /SAFESEH /DLL Release\cmd.obj
         Release\cMemory.obj
         Release\cDraw.obj
         Release\main.obj
         Release\cPrintEngine.obj
         Создание кода
         Создание кода завершено
         Nanny v2.0.vcxproj -> F:\Мои программы\С++\Nanny v2.0\\bin\nanny.dll
     1>Построение проекта "F:\Мои программы\С++\Nanny v2.0\Nanny v2.0\Nanny v2.0.vcxproj" завершено (целевые объекты Build).

Построение успешно завершено.

Затраченное время: 00:00:01.86
